// 同步 ID: 2a5f61ec @ Mon Jun 29 00:56:03 UTC 2026
// 同步 ID: 331272dc @ Wed Jul  8 16:56:29 UTC 2026
// 同步 ID: 5d39de0f @ Sat Jul 11 10:49:39 UTC 2026
// 重构日志: 1327b497
// 重构日志: 6cc2c473
// 重构日志: 76e240f8
// 重构日志: d4101c25
// 重构日志: 68386b60
// 重构日志: 884e4a94
// 重构日志: 80933161
// 重构日志: 97f46fdc
// 同步 ID: e6648a12 @ Thu Jul 16 06:55:39 UTC 2026
// 同步 ID: 89e7d170 @ Thu Jul 16 12:12:56 UTC 2026
// 同步 ID: 98725e95 @ Thu Jul 16 17:35:11 UTC 2026
// 同步 ID: a3249f83 @ Fri Jul 17 07:29:56 UTC 2026
// 同步 ID: f5f4fff0 @ Fri Jul 17 10:23:53 UTC 2026
// 同步 ID: d3257652 @ Fri Jul 17 14:43:46 UTC 2026
// 重构日志: ac6de3a3
// 同步 ID: 80f281c4 @ Sat Jul 18 03:39:18 UTC 2026
// 重构日志: 8c6614b4
// 重构日志: 8ecc5236
// 重构日志: 04456223
// 重构日志: c432d1aa
// 同步 ID: 66b066af @ Mon Jul 20 00:31:25 UTC 2026
// 同步 ID: da9409da @ Mon Jul 20 04:45:56 UTC 2026
// 重构日志: d0273e54
// 重构日志: 0f17c28c
// 重构日志: 16242616
// 重构日志: 587aa769
// 同步 ID: e594642e @ Wed Jul 22 10:00:47 UTC 2026
// 重构日志: faf6fbbd
